2025-12-12 17:11:52 [main] INFO  log - Starting webdriver...
2025-12-12 17:11:56 [main] INFO  log - Navigating to URL...
2025-12-12 17:12:11 [main] INFO  log - Starting loginTest...
2025-12-12 17:12:16 [main] INFO  log - Adding credential...
2025-12-12 17:12:17 [main] INFO  log - Clicking on loginbutton..
2025-12-12 17:12:23 [main] INFO  log - Verifying logged in text...
2025-12-12 21:08:04 [main] INFO  log - Starting webdriver...
2025-12-12 21:08:08 [main] INFO  log - Navigating to URL...
2025-12-12 21:08:15 [main] INFO  log - Starting loginTest...
2025-12-12 21:08:17 [main] INFO  log - Adding credential...
2025-12-12 21:08:18 [main] INFO  log - Clicking on loginbutton..
2025-12-12 21:09:03 [main] INFO  log - Verifying logged in text...
2025-12-12 21:45:51 [main] INFO  log - Starting webdriver...
2025-12-12 21:45:52 [main] INFO  log - Navigating to URL...
2025-12-12 21:45:57 [main] INFO  log - Starting loginTest...
2025-12-12 21:46:01 [main] INFO  log - Adding credential...
2025-12-12 21:46:02 [main] INFO  log - Clicking on loginbutton..
2025-12-12 21:46:12 [main] INFO  log - Verifying logged in text...
2025-12-12 22:13:15 [main] INFO  log - Starting webdriver...
2025-12-12 22:13:17 [main] INFO  log - Navigating to URL...
2025-12-12 22:13:21 [main] INFO  log - Starting loginTest...
2025-12-12 22:13:22 [main] INFO  log - Adding credential...
2025-12-12 22:13:23 [main] INFO  log - Clicking on loginbutton..
2025-12-12 22:13:27 [main] INFO  log - Verifying logged in text...
2025-12-12 22:17:38 [main] INFO  log - Starting webdriver...
2025-12-12 22:17:40 [main] INFO  log - Navigating to URL...
2025-12-12 22:17:41 [main] INFO  log - Starting loginTest...
2025-12-12 22:17:45 [main] INFO  log - Adding credential...
2025-12-12 22:17:46 [main] INFO  log - Clicking on loginbutton..
2025-12-12 22:17:50 [main] INFO  log - Verifying logged in text...
2025-12-12 22:51:14 [main] INFO  log - Starting webdriver...
2025-12-12 22:51:15 [main] INFO  log - Navigating to URL...
2025-12-12 22:51:20 [main] INFO  log - Starting loginTest...
2025-12-12 22:51:22 [main] INFO  log - Adding credential...
2025-12-12 22:51:22 [main] INFO  log - Clicking on loginbutton..
2025-12-12 22:51:25 [main] INFO  log - Verifying logged in text...
2025-12-12 22:51:26 [main] INFO  log - Starting webdriver...
2025-12-12 22:51:27 [main] INFO  log - Navigating to URL...
2025-12-12 22:51:52 [main] INFO  log - Starting loginTest...
2025-12-12 22:51:54 [main] INFO  log - Adding credential...
2025-12-12 22:51:55 [main] INFO  log - Clicking on loginbutton..
2025-12-12 22:52:01 [main] INFO  log - Verifying logged in text...
2025-12-12 22:56:43 [main] INFO  log - Starting webdriver...
2025-12-12 22:56:44 [main] INFO  log - Navigating to URL...
2025-12-12 22:56:49 [main] INFO  log - Starting loginTest...
2025-12-12 22:56:50 [main] INFO  log - Adding credential...
2025-12-12 22:56:51 [main] INFO  log - Clicking on loginbutton..
2025-12-12 22:56:53 [main] INFO  log - Verifying logged in text...
2025-12-12 22:56:54 [main] INFO  log - Starting webdriver...
2025-12-12 22:56:55 [main] INFO  log - Navigating to URL...
2025-12-12 22:56:59 [main] INFO  log - Starting loginTest...
2025-12-12 22:57:00 [main] INFO  log - Adding credential...
2025-12-12 22:57:01 [main] INFO  log - Clicking on loginbutton..
2025-12-12 22:57:03 [main] INFO  log - Verifying logged in text...
2025-12-15 10:38:45 [main] INFO  log - Starting webdriver...
2025-12-15 10:38:50 [main] INFO  log - Navigating to URL...
2025-12-15 10:39:05 [main] INFO  log - Starting loginTest...
2025-12-15 10:39:07 [main] INFO  log - Adding credential...
2025-12-15 10:39:08 [main] INFO  log - Clicking on loginbutton..
2025-12-15 10:39:12 [main] INFO  log - Verifying logged in text...
2025-12-15 10:39:13 [main] INFO  log - Starting webdriver...
2025-12-15 10:39:14 [main] INFO  log - Navigating to URL...
2025-12-15 10:39:28 [main] INFO  log - Starting loginTest...
2025-12-15 10:39:30 [main] INFO  log - Adding credential...
2025-12-15 10:39:31 [main] INFO  log - Clicking on loginbutton..
2025-12-15 10:41:22 [main] INFO  log - Starting webdriver...
2025-12-15 10:41:24 [main] INFO  log - Navigating to URL...
2025-12-15 10:41:28 [main] INFO  log - Starting loginTest...
2025-12-15 10:41:29 [main] INFO  log - Adding credential...
2025-12-15 10:41:30 [main] INFO  log - Clicking on loginbutton..
2025-12-15 10:41:41 [main] INFO  log - Verifying logged in text...
2025-12-15 10:41:42 [main] INFO  log - Starting webdriver...
2025-12-15 10:41:43 [main] INFO  log - Navigating to URL...
2025-12-15 10:42:08 [main] INFO  log - Starting loginTest...
2025-12-15 10:42:11 [main] INFO  log - Adding credential...
2025-12-15 10:42:12 [main] INFO  log - Clicking on loginbutton..
2025-12-15 10:44:06 [main] INFO  log - Starting webdriver...
2025-12-15 10:44:07 [main] INFO  log - Navigating to URL...
2025-12-15 10:44:21 [main] INFO  log - Starting loginTest...
2025-12-15 10:44:23 [main] INFO  log - Adding credential...
2025-12-15 10:44:24 [main] INFO  log - Clicking on loginbutton..
2025-12-15 10:44:35 [main] INFO  log - Starting webdriver...
2025-12-15 10:44:36 [main] INFO  log - Navigating to URL...
2025-12-15 10:44:50 [main] INFO  log - Starting loginTest...
2025-12-15 10:44:52 [main] INFO  log - Adding credential...
2025-12-15 10:44:53 [main] INFO  log - Clicking on loginbutton..
2025-12-15 10:51:33 [main] INFO  log - Starting webdriver...
2025-12-15 10:51:35 [main] INFO  log - Navigating to URL...
2025-12-15 10:51:50 [main] INFO  log - Starting loginTest...
2025-12-15 10:51:53 [main] INFO  log - Adding credential...
2025-12-15 10:51:53 [main] INFO  log - Clicking on loginbutton..
2025-12-15 10:51:58 [main] INFO  log - Starting webdriver...
2025-12-15 10:51:59 [main] INFO  log - Navigating to URL...
2025-12-15 10:52:14 [main] INFO  log - Starting loginTest...
2025-12-15 10:52:16 [main] INFO  log - Adding credential...
2025-12-15 10:52:17 [main] INFO  log - Clicking on loginbutton..
2025-12-15 14:44:15 [main] INFO  log - Starting webdriver...
2025-12-15 14:44:19 [main] INFO  log - Navigating to URL...
2025-12-15 14:44:25 [main] INFO  log - Starting loginTest...
2025-12-15 14:44:26 [main] INFO  log - Adding credential...
2025-12-15 14:44:27 [main] INFO  log - Clicking on loginbutton..
2025-12-15 14:44:46 [main] INFO  log - Starting webdriver...
2025-12-15 14:44:47 [main] INFO  log - Navigating to URL...
2025-12-15 14:44:52 [main] INFO  log - Starting loginTest...
2025-12-15 14:44:54 [main] INFO  log - Adding credential...
2025-12-15 14:44:55 [main] INFO  log - Clicking on loginbutton..
2025-12-15 14:44:57 [main] INFO  log - Starting webdriver...
2025-12-15 14:44:59 [main] INFO  log - Navigating to URL...
2025-12-15 14:45:03 [main] INFO  log - Starting loginTest...
2025-12-15 14:45:04 [main] INFO  log - Adding credential...
2025-12-15 14:45:05 [main] INFO  log - Clicking on loginbutton..
2025-12-15 14:49:32 [main] INFO  log - Starting webdriver...
2025-12-15 14:49:33 [main] INFO  log - Navigating to URL...
2025-12-15 14:49:40 [main] INFO  log - Starting loginTest...
2025-12-15 14:49:42 [main] INFO  log - Adding credential...
2025-12-15 14:49:43 [main] INFO  log - Clicking on loginbutton..
2025-12-15 14:49:48 [main] INFO  log - Starting webdriver...
2025-12-15 14:49:49 [main] INFO  log - Navigating to URL...
2025-12-15 14:49:54 [main] INFO  log - Starting loginTest...
2025-12-15 14:49:55 [main] INFO  log - Adding credential...
2025-12-15 14:49:55 [main] INFO  log - Clicking on loginbutton..
2025-12-15 14:49:57 [main] INFO  log - Starting webdriver...
2025-12-15 14:49:58 [main] INFO  log - Navigating to URL...
2025-12-15 14:50:23 [main] INFO  log - Starting loginTest...
2025-12-15 14:50:25 [main] INFO  log - Adding credential...
2025-12-15 14:50:25 [main] INFO  log - Clicking on loginbutton..
2025-12-15 14:51:36 [main] INFO  log - Starting webdriver...
2025-12-15 14:51:37 [main] INFO  log - Navigating to URL...
2025-12-15 14:51:41 [main] INFO  log - Starting loginTest...
2025-12-15 14:51:44 [main] INFO  log - Adding credential...
2025-12-15 14:51:45 [main] INFO  log - Clicking on loginbutton..
2025-12-15 14:54:43 [main] INFO  log - Starting webdriver...
2025-12-15 14:54:44 [main] INFO  log - Navigating to URL...
2025-12-15 14:54:48 [main] INFO  log - Starting loginTest...
2025-12-15 14:54:49 [main] INFO  log - Adding credential...
2025-12-15 14:54:50 [main] INFO  log - Clicking on loginbutton..
2025-12-15 15:02:17 [main] INFO  log - Starting webdriver...
2025-12-15 15:02:19 [main] INFO  log - Navigating to URL...
2025-12-15 15:02:22 [main] INFO  log - Starting loginTest...
2025-12-15 15:02:23 [main] INFO  log - Adding credential...
2025-12-15 15:02:23 [main] INFO  log - Clicking on loginbutton..
2025-12-15 15:02:27 [main] INFO  log - Starting webdriver...
2025-12-15 15:02:28 [main] INFO  log - Navigating to URL...
2025-12-15 15:02:31 [main] INFO  log - Starting loginTest...
2025-12-15 15:02:32 [main] INFO  log - Adding credential...
2025-12-15 15:02:33 [main] INFO  log - Clicking on loginbutton..
2025-12-15 15:02:41 [main] INFO  log - Starting webdriver...
2025-12-15 15:02:42 [main] INFO  log - Navigating to URL...
2025-12-15 15:02:46 [main] INFO  log - Starting loginTest...
2025-12-15 15:02:47 [main] INFO  log - Adding credential...
2025-12-15 15:02:47 [main] INFO  log - Clicking on loginbutton..
